#
# A fatal error has been detected by the Java Runtime Environment:
#
#  EXCEPTION_ACCESS_VIOLATION (0xc0000005) at pc=0x00007ffcbbd06e13, pid=7860, tid=0x0000000000004364
#
# JRE version: Java(TM) SE Runtime Environment (8.0_221-b11) (build 1.8.0_221-b11)
# Java VM: Java HotSpot(TM) 64-Bit Server VM (25.221-b11 mixed mode windows-amd64 compressed oops)
# Problematic frame:
# C  [glfw.dll+0x6e13]
#
# Failed to write core dump. Minidumps are not enabled by default on client versions of Windows
#
# If you would like to submit a bug report, please visit:
#   http://bugreport.java.com/bugreport/crash.jsp
# The crash happened outside the Java Virtual Machine in native code.
# See problematic frame for where to report the bug.
#

---------------  T H R E A D  ---------------

Current thread (0x0000000002382800):  JavaThread "main" [_thread_in_native, id=17252, stack(0x0000000002280000,0x0000000002380000)]

siginfo: ExceptionCode=0xc0000005, reading address 0x0000000000000041

Registers:
RAX=0x00007ffca9e31a60, RBX=0x0000000000000001, RCX=0x0000000000000001, RDX=0x000000000237ef70
RSP=0x000000000237eeb0, RBP=0x000000000237ef60, RSI=0x0000000000000188, RDI=0x0000000002487e70
R8 =0x0000000000000001, R9 =0x00007ffcbbd06df0, R10=0x0000000002498c3b, R11=0x00000000658ece30
R12=0x0000000000000000, R13=0x0000000016b613e8, R14=0x000000000237ef98, R15=0x0000000002382800
RIP=0x00007ffcbbd06e13, EFLAGS=0x0000000000010202

Top of Stack: (sp=0x000000000237eeb0)
0x000000000237eeb0:   0000000000a9ef00 0000000002382800
0x000000000237eec0:   0000000016b613e8 0000000000000188
0x000000000237eed0:   0000000016b613e8 0000000002498c67
0x000000000237eee0:   0000000002487e70 000000000249899d
0x000000000237eef0:   0000000002382800 0000000016b613e8
0x000000000237ef00:   0000000000000188 0000000002382800
0x000000000237ef10:   000000000237f008 0000000002498962
0x000000000237ef20:   000000000237ef20 0000000016b613e8
0x000000000237ef30:   000000000237ef98 0000000016b898e8
0x000000000237ef40:   0000000000000000 0000000016b613e8
0x000000000237ef50:   0000000000000000 000000000237ef80
0x000000000237ef60:   000000000237efe0 000000000248835d
0x000000000237ef70:   00000000d64eef78 00000000024921d8
0x000000000237ef80:   00007ffcbbd06df0 0000000002487e70
0x000000000237ef90:   0000000000000001 0000000000000001
0x000000000237efa0:   000000000237efa0 0000000016a2ddc4 

Instructions: (pc=0x00007ffcbbd06e13)
0x00007ffcbbd06df3:   83 ec 20 83 3d 13 ec 04 00 00 48 8b d9 75 11 33
0x00007ffcbbd06e03:   d2 b9 01 00 01 00 48 83 c4 20 5b e9 4d ae ff ff
0x00007ffcbbd06e13:   48 83 79 40 00 75 18 e8 51 56 00 00 83 7b 18 00
0x00007ffcbbd06e23:   74 0d 48 8b cb 48 83 c4 20 5b e9 9e 40 00 00 48 


Register to memory mapping:

RAX=0x00007ffca9e31a60 is an unknown value
RBX=0x0000000000000001 is an unknown value
RCX=0x0000000000000001 is an unknown value
RDX=0x000000000237ef70 is pointing into the stack for thread: 0x0000000002382800
RSP=0x000000000237eeb0 is pointing into the stack for thread: 0x0000000002382800
RBP=0x000000000237ef60 is pointing into the stack for thread: 0x0000000002382800
RSI=0x0000000000000188 is an unknown value
RDI=0x0000000002487e70 is at code_begin+1040 in an Interpreter codelet
invoke return entry points  [0x0000000002487a60, 0x0000000002488440]  2528 bytes
R8 =0x0000000000000001 is an unknown value
R9 =0x00007ffcbbd06df0 is an unknown value
R10=0x0000000002498c3b is at code_begin+891 in an Interpreter codelet
method entry point (kind = native)  [0x00000000024988c0, 0x0000000002499280]  2496 bytes
R11=0x00000000658ece30 is an unknown value
R12=0x0000000000000000 is an unknown value
R13={method} {0x0000000016b613f0} 'invokePV' '(JJ)V' in 'org/lwjgl/system/JNI'
R14=0x000000000237ef98 is pointing into the stack for thread: 0x0000000002382800
R15=0x0000000002382800 is a thread


Stack: [0x0000000002280000,0x0000000002380000],  sp=0x000000000237eeb0,  free space=1019k
Native frames: (J=compiled Java code, j=interpreted, Vv=VM code, C=native code)
C  [glfw.dll+0x6e13]
C  0x0000000002498c67

Java frames: (J=compiled Java code, j=interpreted, Vv=VM code)
j  org.lwjgl.system.JNI.invokePV(JJ)V+0
j  org.lwjgl.glfw.GLFW.glfwShowWindow(J)V+20
j  project.Window.createWindow(Ljava/lang/String;)V+48
j  project.Main.<init>()V+67
j  project.Main.main([Ljava/lang/String;)V+3
v  ~StubRoutines::call_stub

---------------  P R O C E S S  ---------------

Java Threads: ( => current thread )
  0x000000001916c800 JavaThread "Direct Clip" daemon [_thread_blocked, id=21856, stack(0x000000001a420000,0x000000001a520000)]
  0x000000001915b800 JavaThread "Java Sound Event Dispatcher" daemon [_thread_blocked, id=19588, stack(0x0000000019f20000,0x000000001a020000)]
  0x00000000189dc800 JavaThread "pooledThread.1" [_thread_blocked, id=22224, stack(0x0000000018f30000,0x0000000019030000)]
  0x000000001895d000 JavaThread "Service Thread" daemon [_thread_blocked, id=14056, stack(0x0000000018d30000,0x0000000018e30000)]
  0x0000000016fce800 JavaThread "C1 CompilerThread2" daemon [_thread_blocked, id=19128, stack(0x0000000018830000,0x0000000018930000)]
  0x0000000016fc5800 JavaThread "C2 CompilerThread1" daemon [_thread_blocked, id=15760, stack(0x0000000018730000,0x0000000018830000)]
  0x0000000016fbf000 JavaThread "C2 CompilerThread0" daemon [_thread_blocked, id=22772, stack(0x0000000018630000,0x0000000018730000)]
  0x0000000016fbd000 JavaThread "Attach Listener" daemon [_thread_blocked, id=20644, stack(0x0000000018530000,0x0000000018630000)]
  0x0000000016fbc000 JavaThread "Signal Dispatcher" daemon [_thread_blocked, id=16088, stack(0x0000000018430000,0x0000000018530000)]
  0x0000000016faa800 JavaThread "Finalizer" daemon [_thread_blocked, id=7716, stack(0x0000000018230000,0x0000000018330000)]
  0x0000000002472000 JavaThread "Reference Handler" daemon [_thread_blocked, id=21548, stack(0x0000000018130000,0x0000000018230000)]
=>0x0000000002382800 JavaThread "main" [_thread_in_native, id=17252, stack(0x0000000002280000,0x0000000002380000)]

Other Threads:
  0x0000000016f88800 VMThread [stack: 0x0000000018030000,0x0000000018130000] [id=6124]
  0x000000001898a000 WatcherThread [stack: 0x0000000018e30000,0x0000000018f30000] [id=12112]

VM state:not at safepoint (normal execution)

VM Mutex/Monitor currently owned by a thread: None

heap address: 0x0000000081a00000, size: 2022 MB, Compressed Oops mode: 32-bit
Narrow klass base: 0x0000000000000000, Narrow klass shift: 3
Compressed class space size: 1073741824 Address: 0x0000000100000000

Heap:
 PSYoungGen      total 38400K, used 7338K [0x00000000d5e00000, 0x00000000d8880000, 0x0000000100000000)
  eden space 33280K, 22% used [0x00000000d5e00000,0x00000000d652a8c0,0x00000000d7e80000)
  from space 5120K, 0% used [0x00000000d8380000,0x00000000d8380000,0x00000000d8880000)
  to   space 5120K, 0% used [0x00000000d7e80000,0x00000000d7e80000,0x00000000d8380000)
 ParOldGen       total 87552K, used 38602K [0x0000000081a00000, 0x0000000086f80000, 0x00000000d5e00000)
  object space 87552K, 44% used [0x0000000081a00000,0x0000000083fb29e0,0x0000000086f80000)
 Metaspace       used 6164K, capacity 6354K, committed 6528K, reserved 1056768K
  class space    used 693K, capacity 787K, committed 896K, reserved 1048576K

Card table byte_map: [0x0000000011840000,0x0000000011c40000] byte_map_base: 0x0000000011433000

Marking Bits: (ParMarkBitMap*) 0x0000000065ee5ce0
 Begin Bits: [0x00000000122f0000, 0x0000000014288000)
 End Bits:   [0x0000000014288000, 0x0000000016220000)

Polling page: 0x00000000009c0000

CodeCache: size=245760Kb used=2395Kb max_used=2395Kb free=243364Kb
 bounds [0x0000000002480000, 0x00000000026f0000, 0x0000000011480000]
 total_blobs=1251 nmethods=465 adapters=699
 compilation: enabled

Compilation events (10 events):
Event: 0.623 Thread 0x0000000016fce800  460       1       java.nio.charset.CharsetDecoder::charset (5 bytes)
Event: 0.623 Thread 0x0000000016fce800 nmethod 460 0x0000000002690950 code [0x0000000002690aa0, 0x0000000002690bb0]
Event: 0.623 Thread 0x0000000016fce800  461   !   3       sun.net.www.ParseUtil::decode (316 bytes)
Event: 0.628 Thread 0x0000000016fce800 nmethod 461 0x000000000269e010 code [0x000000000269e520, 0x00000000026a1ee8]
Event: 0.628 Thread 0x0000000016fce800  463       3       java.lang.String::regionMatches (149 bytes)
Event: 0.629 Thread 0x0000000016fce800 nmethod 463 0x00000000026b8690 code [0x00000000026b88e0, 0x00000000026b9598]
Event: 0.629 Thread 0x0000000016fce800  462       3       java.lang.CharacterDataLatin1::digit (91 bytes)
Event: 0.630 Thread 0x0000000016fce800 nmethod 462 0x00000000026bfc10 code [0x00000000026bfd80, 0x00000000026c0110]
Event: 1.183 Thread 0x0000000016fce800  465       3       java.lang.CharacterDataLatin1::toUpperCase (53 bytes)
Event: 1.183 Thread 0x0000000016fce800 nmethod 465 0x00000000026d7590 code [0x00000000026d7700, 0x00000000026d79f0]

GC Heap History (0 events):
No events

Deoptimization events (0 events):
No events

Classes redefined (0 events):
No events

Internal exceptions (9 events):
Event: 0.151 Thread 0x0000000002382800 Exception <a 'java/lang/NoSuchMethodError': Method sun.misc.Unsafe.defineClass(Ljava/lang/String;[BII)Ljava/lang/Class; name or signature does not match> (0x00000000d5e07cb8) thrown at [C:\re\workspace\8-2-build-windows-amd64-cygwin\jdk8u221\13320\hotspot
Event: 0.151 Thread 0x0000000002382800 Exception <a 'java/lang/NoSuchMethodError': Method sun.misc.Unsafe.prefetchRead(Ljava/lang/Object;J)V name or signature does not match> (0x00000000d5e07fa0) thrown at [C:\re\workspace\8-2-build-windows-amd64-cygwin\jdk8u221\13320\hotspot\src\share\vm\prim
Event: 0.260 Thread 0x00000000189dc800 Exception <a 'java/security/PrivilegedActionException'> (0x00000000d5f6ddc0) thrown at [C:\re\workspace\8-2-build-windows-amd64-cygwin\jdk8u221\13320\hotspot\src\share\vm\prims\jvm.cpp, line 1502]
Event: 0.260 Thread 0x00000000189dc800 Exception <a 'java/security/PrivilegedActionException'> (0x00000000d5f6dfd0) thrown at [C:\re\workspace\8-2-build-windows-amd64-cygwin\jdk8u221\13320\hotspot\src\share\vm\prims\jvm.cpp, line 1502]
Event: 0.261 Thread 0x00000000189dc800 Exception <a 'java/security/PrivilegedActionException'> (0x00000000d5f71e28) thrown at [C:\re\workspace\8-2-build-windows-amd64-cygwin\jdk8u221\13320\hotspot\src\share\vm\prims\jvm.cpp, line 1502]
Event: 0.261 Thread 0x00000000189dc800 Exception <a 'java/security/PrivilegedActionException'> (0x00000000d5f72038) thrown at [C:\re\workspace\8-2-build-windows-amd64-cygwin\jdk8u221\13320\hotspot\src\share\vm\prims\jvm.cpp, line 1502]
Event: 0.325 Thread 0x0000000002382800 Exception <a 'java/lang/NoSuchMethodError': java.lang.Object.lambda$static$0(Ljava/lang/String;)Ljava/lang/Boolean;> (0x00000000d6088e48) thrown at [C:\re\workspace\8-2-build-windows-amd64-cygwin\jdk8u221\13320\hotspot\src\share\vm\interpreter\linkResolve
Event: 0.342 Thread 0x0000000002382800 Exception <a 'java/lang/NoSuchFieldError': method resolution failed> (0x00000000d61a45b0) thrown at [C:\re\workspace\8-2-build-windows-amd64-cygwin\jdk8u221\13320\hotspot\src\share\vm\prims\methodHandles.cpp, line 1167]
Event: 0.345 Thread 0x0000000002382800 Exception <a 'java/lang/NoSuchFieldError': method resolution failed> (0x00000000d61b19b0) thrown at [C:\re\workspace\8-2-build-windows-amd64-cygwin\jdk8u221\13320\hotspot\src\share\vm\prims\methodHandles.cpp, line 1167]

Events (10 events):
Event: 0.623 loading class org/lwjgl/glfw/GLFW$Functions
Event: 0.623 loading class org/lwjgl/glfw/GLFW$Functions done
Event: 0.625 loading class org/lwjgl/system/JNI
Event: 0.625 loading class org/lwjgl/system/JNI done
Event: 0.658 loading class project/Window
Event: 0.658 loading class project/Window done
Event: 0.666 loading class org/lwjgl/glfw/EventLoop$OffScreen
Event: 0.666 loading class org/lwjgl/glfw/EventLoop$OffScreen done
Event: 1.182 loading class org/lwjgl/glfw/EventLoop$OnScreen
Event: 1.182 loading class org/lwjgl/glfw/EventLoop$OnScreen done


Dynamic libraries:
0x00007ff70e710000 - 0x00007ff70e747000 	C:\Program Files\Java\jre1.8.0_221\bin\javaw.exe
0x00007ffcea7e0000 - 0x00007ffcea9d0000 	C:\WINDOWS\SYSTEM32\ntdll.dll
0x00007ffcbc060000 - 0x00007ffcbc074000 	C:\Program Files\AVAST Software\Avast\aswhook.dll
0x00007ffcea6e0000 - 0x00007ffcea792000 	C:\WINDOWS\System32\KERNEL32.DLL
0x00007ffce85b0000 - 0x00007ffce8853000 	C:\WINDOWS\System32\KERNELBASE.dll
0x00007ffce91b0000 - 0x00007ffce9253000 	C:\WINDOWS\System32\ADVAPI32.dll
0x00007ffce8d00000 - 0x00007ffce8d9e000 	C:\WINDOWS\System32\msvcrt.dll
0x00007ffce9260000 - 0x00007ffce92f7000 	C:\WINDOWS\System32\sechost.dll
0x00007ffce9020000 - 0x00007ffce9140000 	C:\WINDOWS\System32\RPCRT4.dll
0x00007ffce9d60000 - 0x00007ffce9ef4000 	C:\WINDOWS\System32\USER32.dll
0x00007ffce8860000 - 0x00007ffce8881000 	C:\WINDOWS\System32\win32u.dll
0x00007ffce9300000 - 0x00007ffce9326000 	C:\WINDOWS\System32\GDI32.dll
0x00007ffce8360000 - 0x00007ffce84f4000 	C:\WINDOWS\System32\gdi32full.dll
0x00007ffce8270000 - 0x00007ffce830e000 	C:\WINDOWS\System32\msvcp_win.dll
0x00007ffce78e0000 - 0x00007ffce79da000 	C:\WINDOWS\System32\ucrtbase.dll
0x00007ffcd8850000 - 0x00007ffcd8ad5000 	C:\WINDOWS\WinSxS\amd64_microsoft.windows.common-controls_6595b64144ccf1df_6.0.18362.592_none_e6c0b1911312be02\COMCTL32.dll
0x00007ffce9330000 - 0x00007ffce9666000 	C:\WINDOWS\System32\combase.dll
0x00007ffce81c0000 - 0x00007ffce8240000 	C:\WINDOWS\System32\bcryptPrimitives.dll
0x00007ffcea160000 - 0x00007ffcea18e000 	C:\WINDOWS\System32\IMM32.DLL
0x00000000655e0000 - 0x00000000656b2000 	C:\Program Files\Java\jre1.8.0_221\bin\msvcr100.dll
0x00000000656c0000 - 0x0000000065f65000 	C:\Program Files\Java\jre1.8.0_221\bin\server\jvm.dll
0x00007ffce8fa0000 - 0x00007ffce8fa8000 	C:\WINDOWS\System32\PSAPI.DLL
0x00007ffcd8530000 - 0x00007ffcd8539000 	C:\WINDOWS\SYSTEM32\WSOCK32.dll
0x00007ffce8fb0000 - 0x00007ffce901f000 	C:\WINDOWS\System32\WS2_32.dll
0x00007ffce6110000 - 0x00007ffce6134000 	C:\WINDOWS\SYSTEM32\WINMM.dll
0x00007ffce6100000 - 0x00007ffce610a000 	C:\WINDOWS\SYSTEM32\VERSION.dll
0x00007ffce5ed0000 - 0x00007ffce5efd000 	C:\WINDOWS\SYSTEM32\WINMMBASE.dll
0x00007ffce8310000 - 0x00007ffce835a000 	C:\WINDOWS\System32\cfgmgr32.dll
0x00007ffce0980000 - 0x00007ffce098f000 	C:\Program Files\Java\jre1.8.0_221\bin\verify.dll
0x00007ffcd08e0000 - 0x00007ffcd0909000 	C:\Program Files\Java\jre1.8.0_221\bin\java.dll
0x00007ffcdf9b0000 - 0x00007ffcdf9c6000 	C:\Program Files\Java\jre1.8.0_221\bin\zip.dll
0x00007ffce9670000 - 0x00007ffce9d55000 	C:\WINDOWS\System32\SHELL32.dll
0x00007ffce8dc0000 - 0x00007ffce8e69000 	C:\WINDOWS\System32\shcore.dll
0x00007ffce79e0000 - 0x00007ffce815f000 	C:\WINDOWS\System32\windows.storage.dll
0x00007ffce7750000 - 0x00007ffce776f000 	C:\WINDOWS\System32\profapi.dll
0x00007ffce76e0000 - 0x00007ffce772a000 	C:\WINDOWS\System32\powrprof.dll
0x00007ffce76b0000 - 0x00007ffce76c0000 	C:\WINDOWS\System32\UMPDC.dll
0x00007ffce9140000 - 0x00007ffce9192000 	C:\WINDOWS\System32\shlwapi.dll
0x00007ffce76c0000 - 0x00007ffce76d1000 	C:\WINDOWS\System32\kernel.appcore.dll
0x00007ffce7770000 - 0x00007ffce7787000 	C:\WINDOWS\System32\cryptsp.dll
0x00007ffce0990000 - 0x00007ffce099c000 	C:\Program Files\Java\jre1.8.0_221\bin\jsound.dll
0x00007ffcdfee0000 - 0x00007ffcdfeeb000 	C:\Program Files\Java\jre1.8.0_221\bin\jsoundds.dll
0x00007ffcea580000 - 0x00007ffcea6d6000 	C:\WINDOWS\System32\ole32.dll
0x00007ffcaee00000 - 0x00007ffcaee99000 	C:\WINDOWS\SYSTEM32\DSOUND.dll
0x00007ffce5560000 - 0x00007ffce55f9000 	C:\WINDOWS\system32\uxtheme.dll
0x00007ffcdb810000 - 0x00007ffcdb882000 	C:\WINDOWS\SYSTEM32\MMDevAPI.DLL
0x00007ffce7450000 - 0x00007ffce747a000 	C:\WINDOWS\SYSTEM32\DEVOBJ.dll
0x00007ffcc6c90000 - 0x00007ffcc6cd4000 	C:\WINDOWS\SYSTEM32\wdmaud.drv
0x00007ffce0830000 - 0x00007ffce0839000 	C:\WINDOWS\SYSTEM32\ksuser.dll
0x00007ffce35a0000 - 0x00007ffce35aa000 	C:\WINDOWS\SYSTEM32\AVRT.dll
0x00007ffcdb980000 - 0x00007ffcdbadd000 	C:\WINDOWS\SYSTEM32\AUDIOSES.DLL
0x00007ffce9f00000 - 0x00007ffce9fc4000 	C:\WINDOWS\System32\OLEAUT32.dll
0x00007ffce2e50000 - 0x00007ffce2fa3000 	C:\WINDOWS\SYSTEM32\wintypes.dll
0x00007ffcdfed0000 - 0x00007ffcdfedd000 	C:\WINDOWS\SYSTEM32\msacm32.drv
0x00007ffcbfd20000 - 0x00007ffcbfd3c000 	C:\WINDOWS\SYSTEM32\MSACM32.dll
0x00007ffcd6c00000 - 0x00007ffcd6c0a000 	C:\WINDOWS\SYSTEM32\midimap.dll
0x00007ffce9fd0000 - 0x00007ffcea072000 	C:\WINDOWS\System32\clbcatq.dll
0x00007ffcdb630000 - 0x00007ffcdb64a000 	C:\Program Files\Java\jre1.8.0_221\bin\net.dll
0x00007ffcd9a60000 - 0x00007ffcd9c36000 	C:\WINDOWS\SYSTEM32\urlmon.dll
0x00007ffcd97b0000 - 0x00007ffcd9a56000 	C:\WINDOWS\SYSTEM32\iertutil.dll
0x00007ffce7090000 - 0x00007ffce709c000 	C:\WINDOWS\SYSTEM32\CRYPTBASE.DLL
0x00007ffce6ec0000 - 0x00007ffce6f27000 	C:\WINDOWS\system32\mswsock.dll
0x00007ffcd8f40000 - 0x00007ffcd8f52000 	C:\Program Files\Java\jre1.8.0_221\bin\nio.dll
0x00007ffca9e30000 - 0x00007ffca9ea2000 	C:\Users\Brendan Ahern\AppData\Local\Temp\lwjglBrendan Ahern\3.2.2-build-10\lwjgl.dll
0x00007ffce5890000 - 0x00007ffce58a4000 	C:\WINDOWS\SYSTEM32\resourcepolicyclient.dll
0x00007ffcbbd00000 - 0x00007ffcbbd5e000 	C:\Users\Brendan Ahern\AppData\Local\Temp\lwjglBrendan Ahern\3.2.2-build-10\glfw.dll
0x00007ffcb63a0000 - 0x00007ffcb63e3000 	C:\WINDOWS\SYSTEM32\dinput8.dll
0x00007ffcbfd00000 - 0x00007ffcbfd11000 	C:\WINDOWS\SYSTEM32\xinput1_4.dll
0x00007ffcbe9e0000 - 0x00007ffcbeafa000 	C:\WINDOWS\SYSTEM32\inputhost.dll
0x00007ffce5090000 - 0x00007ffce5164000 	C:\WINDOWS\SYSTEM32\CoreMessaging.dll
0x00007ffce2fb0000 - 0x00007ffce32da000 	C:\WINDOWS\SYSTEM32\CoreUIComponents.dll
0x00007ffce3bb0000 - 0x00007ffce3c9f000 	C:\WINDOWS\SYSTEM32\PROPSYS.dll
0x00007ffce6710000 - 0x00007ffce6741000 	C:\WINDOWS\SYSTEM32\ntmarta.dll
0x00007ffce5980000 - 0x00007ffce59ad000 	C:\WINDOWS\SYSTEM32\dwmapi.dll
0x00007ffcea3c0000 - 0x00007ffcea4f5000 	C:\WINDOWS\System32\MSCTF.dll
0x00007ffce5e90000 - 0x00007ffce5e9e000 	C:\WINDOWS\SYSTEM32\HID.DLL
0x00007ffce8890000 - 0x00007ffce8d00000 	C:\WINDOWS\System32\SETUPAPI.DLL
0x00007ffce8240000 - 0x00007ffce8266000 	C:\WINDOWS\System32\bcrypt.dll
0x00007ffce8160000 - 0x00007ffce81bc000 	C:\WINDOWS\System32\WINTRUST.dll
0x00007ffce7730000 - 0x00007ffce7742000 	C:\WINDOWS\System32\MSASN1.dll
0x00007ffce7790000 - 0x00007ffce78d9000 	C:\WINDOWS\System32\CRYPT32.dll
0x00007ffcbfdb0000 - 0x00007ffcbff06000 	C:\WINDOWS\SYSTEM32\opengl32.dll
0x00007ffcdfff0000 - 0x00007ffce001c000 	C:\WINDOWS\SYSTEM32\GLU32.dll
0x00007ffce6390000 - 0x00007ffce63b0000 	C:\WINDOWS\SYSTEM32\dxcore.dll
0x00007ffc88b60000 - 0x00007ffc89a1f000 	C:\WINDOWS\System32\DriverStore\FileRepository\ki126974.inf_amd64_9168fc04b8275db9\ig9icd64.dll
0x00007ffce3d00000 - 0x00007ffce3d13000 	C:\WINDOWS\SYSTEM32\WTSAPI32.dll
0x00007ffce6480000 - 0x00007ffce656b000 	C:\WINDOWS\SYSTEM32\dxgi.dll
0x00007ffcdbb00000 - 0x00007ffcdd895000 	C:\WINDOWS\System32\DriverStore\FileRepository\ki126974.inf_amd64_9168fc04b8275db9\igc64.dll
0x00007ffcbeb00000 - 0x00007ffcbeb9e000 	C:\WINDOWS\System32\TextInputFramework.dll
0x00007ffcbeca0000 - 0x00007ffcbedf1000 	C:\Windows\System32\Windows.UI.dll
0x00007ffce5f00000 - 0x00007ffce60f4000 	C:\WINDOWS\SYSTEM32\dbghelp.dll

VM Arguments:
jvm_args: -Dfile.encoding=Cp1252 
java_command: project.Main
java_class_path (initial): C:\Users\Brendan Ahern\eclipse-workspace\project\bin;C:\Users\Brendan Ahern\eclipse-workspace\project\library\lwjgl-assimp-javadoc.jar;C:\Users\Brendan Ahern\eclipse-workspace\project\library\lwjgl-assimp-natives-windows.jar;C:\Users\Brendan Ahern\eclipse-workspace\project\library\lwjgl-assimp-sources.jar;C:\Users\Brendan Ahern\eclipse-workspace\project\library\lwjgl-assimp.jar;C:\Users\Brendan Ahern\eclipse-workspace\project\library\lwjgl-glfw-javadoc.jar;C:\Users\Brendan Ahern\eclipse-workspace\project\library\lwjgl-glfw-natives-windows.jar;C:\Users\Brendan Ahern\eclipse-workspace\project\library\lwjgl-glfw-sources.jar;C:\Users\Brendan Ahern\eclipse-workspace\project\library\lwjgl-glfw.jar;C:\Users\Brendan Ahern\eclipse-workspace\project\library\lwjgl-natives-windows.jar;C:\Users\Brendan Ahern\eclipse-workspace\project\library\lwjgl-openal-javadoc.jar;C:\Users\Brendan Ahern\eclipse-workspace\project\library\lwjgl-openal-natives-windows.jar;C:\Users\Brendan Ahern\eclipse-workspace\project\library\lwjgl-openal-sources.jar;C:\Users\Brendan Ahern\eclipse-workspace\project\library\lwjgl-openal.jar;C:\Users\Brendan Ahern\eclipse-workspace\project\library\lwjgl-opengl-javadoc.jar;C:\Users\Brendan Ahern\eclipse-workspace\project\library\lwjgl-opengl-natives-windows.jar;C:\Users\Brendan Ahern\eclipse-workspace\project\library\lwjgl-opengl-sources.jar;C:\Users\Brendan Ahern\eclipse-workspace\project\library\lwjgl-opengl.jar;C:\Users\Brendan Ahern\eclipse-workspace\project\library\lwjgl-stb-javadoc.jar;C:\Users\Brendan Ahern\eclipse-workspace\project\library\lwjgl-stb-natives-windows.jar;C:\Users\Brendan Ahern\eclipse-workspace\project\library\lwjgl-stb-sources.jar;C:\Users\Brendan Ahern\eclipse-workspace\project\library\lwjgl-stb.jar;C:\Users\Brendan Ahern\eclipse-workspace\project\library\lwjgl.jar;C:\Users\Brendan Ahern\eclipse-workspace\project\joml.jar;C:\Users\Brendan Ahern\eclipse-workspace\project\jl1.0.1.jar
Launcher Type: SUN_STANDARD

Environment Variables:
PATH=C:/Program Files/Java/jre1.8.0_221/bin/server;C:/Program Files/Java/jre1.8.0_221/bin;C:/Program Files/Java/jre1.8.0_221/lib/amd64;C:\Program Files\Java\jdk-12.0.2;C:\Program Files\Basler\pylon 5\Runtime\Win32\;C:\Program Files\Basler\pylon 5\Runtime\x64\;C:\Program Files (x86)\Common Files\Oracle\Java\javapath;C:\Program Files (x86)\Intel\Intel(R) Management Engine Components\iCLS\;C:\Program Files\Intel\Intel(R) Management Engine Components\iCLS\;C:\WINDOWS\system32;C:\WINDOWS;C:\WINDOWS\System32\Wbem;C:\WINDOWS\System32\WindowsPowerShell\v1.0\;C:\WINDOWS\System32\OpenSSH\;C:\Program Files (x86)\Intel\Intel(R) Management Engine Components\DAL;C:\Program Files\Intel\Intel(R) Management Engine Components\DAL;C:\Program Files (x86)\Intel\Intel(R) Management Engine Components\IPT;C:\Program Files\Intel\Intel(R) Management Engine Components\IPT;C:\Program Files\dotnet\;C:\Program Files\Microsoft SQL Server\130\Tools\Binn\;C:\Program Files (x86)\Microsoft SQL Server\Client SDK\ODBC\130\Tools\Binn\;C:\Program Files (x86)\Microsoft SQL Server\140\Tools\Binn\;C:\Program Files (x86)\Microsoft SQL Server\140\DTS\Binn\;C:\Program Files (x86)\Microsoft SQL Server\140\Tools\Binn\ManagementStudio\;C:\Program Files\Microsoft SQL Server\Client SDK\ODBC\130\Tools\Binn\;C:\Program Files\Microsoft SQL Server\140\Tools\Binn\;C:\Program Files\Microsoft SQL Server\140\DTS\Binn\;C:\Program Files\Java\jdk-12.0.2\bin;C:\Program Files\Intel\WiFi\bin\;C:\Program Files\Common Files\Intel\WirelessCommon\;C:\Users\Brendan Ahern\AppData\Local\Microsoft\WindowsApps;C:\Program Files\Intel\WiFi\bin\;C:\Program Files\Common Files\Intel\WirelessCommon\;C:\Users\Brendan Ahern\AppData\Local\GitHubDesktop\bin;C:\WINDOWS\System32;
USERNAME=Brendan Ahern
OS=Windows_NT
PROCESSOR_IDENTIFIER=Intel64 Family 6 Model 78 Stepping 3, GenuineIntel



---------------  S Y S T E M  ---------------

OS: Windows 10.0 , 64 bit Build 18362 (10.0.18362.329)

CPU:total 4 (initial active 4) (2 cores per cpu, 2 threads per core) family 6 model 78 stepping 3, cmov, cx8, fxsr, mmx, sse, sse2, sse3, ssse3, sse4.1, sse4.2, popcnt, avx, avx2, aes, clmul, erms, rtm, 3dnowpref, lzcnt, ht, tsc, tscinvbit, bmi1, bmi2, adx

Memory: 4k page, physical 8277944k(3816016k free), swap 15617976k(9657900k free)

vm_info: Java HotSpot(TM) 64-Bit Server VM (25.221-b11) for windows-amd64 JRE (1.8.0_221-b11), built on Jul  4 2019 04:39:29 by "java_re" with MS VC++ 10.0 (VS2010)

time: Thu Feb 13 11:36:51 2020
timezone: GMT Standard Time
elapsed time: 1 seconds (0d 0h 0m 1s)

